Using pre-set license
Built from '2020.3/staging' branch; Version is '2020.3.3f1 (76626098c1c4) revision 7758432'; Using compiler version '192528614'; Build Type 'Release'
OS: 'Windows 10 Home; OS build 19042.985; Version 2009; 64bit' Language: 'en' Physical Memory: 16318 MB
BatchMode: 1, IsHumanControllingUs: 0, StartBugReporterOnCrash: 0, Is64bit: 1, IsPro: 0

 COMMAND LINE ARGUMENTS:
C:\Program Files\Unity\Hub\Editor\2020.3.3f1\Editor\Unity.exe
-adb2
-batchMode
-noUpm
-name
AssetImportWorker0
-projectPath
C:/Users/Nikola/Documents/GitHub/Crna-Dusa/Crna Dusa
-logFile
Logs/AssetImportWorker0.log
-srvPort
63398
Successfully changed project path to: C:/Users/Nikola/Documents/GitHub/Crna-Dusa/Crna Dusa
C:/Users/Nikola/Documents/GitHub/Crna-Dusa/Crna Dusa
Using Asset Import Pipeline V2.
Refreshing native plugins compatible for Editor in 30.84 ms, found 0 plugins.
Preloading 0 native plugins for Editor in 0.00 ms.
Initialize engine version: 2020.3.3f1 (76626098c1c4)
[Subsystems] Discovering subsystems at path C:/Program Files/Unity/Hub/Editor/2020.3.3f1/Editor/Data/Resources/UnitySubsystems
[Subsystems] Discovering subsystems at path C:/Users/Nikola/Documents/GitHub/Crna-Dusa/Crna Dusa/Assets
GfxDevice: creating device client; threaded=0
Direct3D:
    Version:  Direct3D 11.0 [level 11.1]
    Renderer: NVIDIA GeForce RTX 3060 Ti (ID=0x2486)
    Vendor:   
    VRAM:     8050 MB
    Driver:   27.21.14.6627
Initialize mono
Mono path[0] = 'C:/Program Files/Unity/Hub/Editor/2020.3.3f1/Editor/Data/Managed'
Mono path[1] = 'C:/Program Files/Unity/Hub/Editor/2020.3.3f1/Editor/Data/MonoBleedingEdge/lib/mono/unityjit'
Mono config path = 'C:/Program Files/Unity/Hub/Editor/2020.3.3f1/Editor/Data/MonoBleedingEdge/etc'
Using monoOptions --debugger-agent=transport=dt_socket,embedding=1,server=y,suspend=n,address=127.0.0.1:56700
Begin MonoManager ReloadAssembly
Registering precompiled unity dll's ...
Register platform support module: C:/Program Files/Unity/Hub/Editor/2020.3.3f1/Editor/Data/PlaybackEngines/WindowsStandaloneSupport/UnityEditor.WindowsStandalone.Extensions.dll
Registered in 0.001655 seconds.
Native extension for WindowsStandalone target not found
Refreshing native plugins compatible for Editor in 28.55 ms, found 0 plugins.
Preloading 0 native plugins for Editor in 0.00 ms.
Invoked RoslynAnalysisRunner static constructor.
RoslynAnalysisRunner will not be running.
RoslynAnalysisRunner has terminated.
Mono: successfully reloaded assembly
- Completed reload, in  1.667 seconds
Platform modules already initialized, skipping
Registering precompiled user dll's ...
Registered in 0.000928 seconds.
Begin MonoManager ReloadAssembly
Native extension for WindowsStandalone target not found
Refreshing native plugins compatible for Editor in 32.58 ms, found 0 plugins.
Preloading 0 native plugins for Editor in 0.00 ms.
Invoked RoslynAnalysisRunner static constructor.
RoslynAnalysisRunner will not be running.
RoslynAnalysisRunner has terminated.
Mono: successfully reloaded assembly
- Completed reload, in  1.117 seconds
Platform modules already initialized, skipping
========================================================================
Worker process is ready to serve import requests
Launched and connected shader compiler UnityShaderCompiler.exe after 0.06 seconds
Refreshing native plugins compatible for Editor in 0.88 ms, found 0 plugins.
Preloading 0 native plugins for Editor in 0.00 ms.
Unloading 1417 Unused Serialized files (Serialized files now loaded: 0)
System memory in use before: 67.6 MB.
System memory in use after: 67.6 MB.

Unloading 12 unused Assets to reduce memory usage. Loaded Objects now: 1860.
Total: 3.204000 ms (FindLiveObjects: 0.301800 ms CreateObjectMapping: 0.046200 ms MarkObjects: 2.733700 ms  DeleteObjects: 0.120500 ms)

========================================================================
Received Import Request.
  path: Assets/Humanoid.controller
  artifactKey: Guid(7d9bba7c82341c74caf6f708822da551) Importer(815301076,1909f56bfc062723c751e8b465ee728b)
Start importing Assets/Humanoid.controller using Guid(7d9bba7c82341c74caf6f708822da551) Importer(815301076,1909f56bfc062723c751e8b465ee728b)  -> (artifact id: '830026b58c688594870c673834bbb057') in 0.057178 seconds
  Import took 0.060307 seconds .

========================================================================
Received Prepare
Registering precompiled user dll's ...
Registered in 0.000685 seconds.
Begin MonoManager ReloadAssembly
Native extension for WindowsStandalone target not found
Refreshing native plugins compatible for Editor in 0.26 ms, found 0 plugins.
Preloading 0 native plugins for Editor in 0.00 ms.
Invoked RoslynAnalysisRunner static constructor.
RoslynAnalysisRunner will not be running.
RoslynAnalysisRunner has terminated.
Mono: successfully reloaded assembly
- Completed reload, in  0.803 seconds
Platform modules already initialized, skipping
Refreshing native plugins compatible for Editor in 0.38 ms, found 0 plugins.
Preloading 0 native plugins for Editor in 0.00 ms.
Unloading 1411 Unused Serialized files (Serialized files now loaded: 0)
System memory in use before: 67.6 MB.
System memory in use after: 67.7 MB.

Unloading 5 unused Assets to reduce memory usage. Loaded Objects now: 1863.
Total: 2.009000 ms (FindLiveObjects: 0.258100 ms CreateObjectMapping: 0.044400 ms MarkObjects: 1.643300 ms  DeleteObjects: 0.062100 ms)

========================================================================
Received Prepare
Registering precompiled user dll's ...
Registered in 0.000832 seconds.
Begin MonoManager ReloadAssembly
Native extension for WindowsStandalone target not found
Refreshing native plugins compatible for Editor in 0.26 ms, found 0 plugins.
Preloading 0 native plugins for Editor in 0.00 ms.
Invoked RoslynAnalysisRunner static constructor.
RoslynAnalysisRunner will not be running.
RoslynAnalysisRunner has terminated.
Mono: successfully reloaded assembly
- Completed reload, in  0.709 seconds
Platform modules already initialized, skipping
Refreshing native plugins compatible for Editor in 0.33 ms, found 0 plugins.
Preloading 0 native plugins for Editor in 0.00 ms.
Unloading 1411 Unused Serialized files (Serialized files now loaded: 0)
System memory in use before: 67.6 MB.
System memory in use after: 67.7 MB.

Unloading 5 unused Assets to reduce memory usage. Loaded Objects now: 1866.
Total: 1.908600 ms (FindLiveObjects: 0.227100 ms CreateObjectMapping: 0.043700 ms MarkObjects: 1.566500 ms  DeleteObjects: 0.070300 ms)

========================================================================
Received Import Request.
  Time since last request: 174.758093 seconds.
  path: Assets/Scripts/PlayerLocomotion.cs
  artifactKey: Guid(e53f631f8cde79f47b1356e54be099da) Importer(815301076,1909f56bfc062723c751e8b465ee728b)
Start importing Assets/Scripts/PlayerLocomotion.cs using Guid(e53f631f8cde79f47b1356e54be099da) Importer(815301076,1909f56bfc062723c751e8b465ee728b)  -> (artifact id: '242207731940d2e174858d6b849bee8b') in 0.010884 seconds
  Import took 0.013263 seconds .

========================================================================
Received Import Request.
  Time since last request: 0.015083 seconds.
  path: Assets/Scripts/PlayerLocomotion.cs
  artifactKey: Guid(e53f631f8cde79f47b1356e54be099da) Importer(815301076,1909f56bfc062723c751e8b465ee728b)
Start importing Assets/Scripts/PlayerLocomotion.cs using Guid(e53f631f8cde79f47b1356e54be099da) Importer(815301076,1909f56bfc062723c751e8b465ee728b)  -> (artifact id: '242207731940d2e174858d6b849bee8b') in 0.002347 seconds
  Import took 0.004551 seconds .

========================================================================
Received Prepare
Registering precompiled user dll's ...
Registered in 0.000795 seconds.
Begin MonoManager ReloadAssembly
Native extension for WindowsStandalone target not found
Refreshing native plugins compatible for Editor in 0.39 ms, found 0 plugins.
Preloading 0 native plugins for Editor in 0.00 ms.
Invoked RoslynAnalysisRunner static constructor.
RoslynAnalysisRunner will not be running.
RoslynAnalysisRunner has terminated.
Mono: successfully reloaded assembly
- Completed reload, in  0.866 seconds
Platform modules already initialized, skipping
Refreshing native plugins compatible for Editor in 0.40 ms, found 0 plugins.
Preloading 0 native plugins for Editor in 0.00 ms.
Unloading 1411 Unused Serialized files (Serialized files now loaded: 0)
System memory in use before: 67.7 MB.
System memory in use after: 67.8 MB.

Unloading 5 unused Assets to reduce memory usage. Loaded Objects now: 1869.
Total: 2.240200 ms (FindLiveObjects: 0.230700 ms CreateObjectMapping: 0.033500 ms MarkObjects: 1.915000 ms  DeleteObjects: 0.059800 ms)

========================================================================
Received Import Request.
  Time since last request: 32.201448 seconds.
  path: Assets/Scripts/PlayerLocomotion.cs
  artifactKey: Guid(e53f631f8cde79f47b1356e54be099da) Importer(815301076,1909f56bfc062723c751e8b465ee728b)
Start importing Assets/Scripts/PlayerLocomotion.cs using Guid(e53f631f8cde79f47b1356e54be099da) Importer(815301076,1909f56bfc062723c751e8b465ee728b)  -> (artifact id: 'e6a2896461dee712be98752a87d02321') in 0.004710 seconds
  Import took 0.006841 seconds .

AssetImportWorkerClient::OnTransportError - code=2 error=End of file
